<?xml version="1.0" encoding="UTF-8"?>
<!-- Generated by org.testng.reporters.JUnitXMLReporter -->
<testsuite ignored="0" hostname="Sid-PC" failures="2" tests="6" name="Surefire test" time="44.298" errors="0" timestamp="2024-06-13T08:54:52 IST">
  <testcase classname="tests.LoginTest" name="LoginIntoPortal_test" time="4.499"/>
  <testcase classname="tests.LoginTest" name="LoginIntoPortal_test" time="4.687"/>
  <testcase classname="tests.LoginTest" name="LoginIntoPortal_test" time="4.806"/>
  <testcase classname="tests.LoginTest" name="LoginIntoPortal_test" time="3.583">
    <failure type="java.lang.IllegalArgumentException" message="Keys to send should be a not null CharSequence">
      <![CDATA[java.lang.IllegalArgumentException: Keys to send should be a not null CharSequence
at org.openqa.selenium.remote.RemoteWebElement.sendKeys(RemoteWebElement.java:96)
at utils.UIAutomationUtils.typeIntoInput(UIAutomationUtils.java:23)
at pages.LoginPage.login(LoginPage.java:21)
at tests.LoginTest.LoginIntoPortal_test(LoginTest.java:23)
at java.base/java.util.ArrayList.forEach(ArrayList.java:1511)
... Removed 32 stack frames]]>
    </failure>
  </testcase> <!-- LoginIntoPortal_test -->
  <testcase classname="tests.LoginTest" name="dummy_failure_scenario" time="0.038">
    <failure type="java.lang.AssertionError" message="expected [true] but found [false]">
      <![CDATA[java.lang.AssertionError: expected [true] but found [false]
at tests.LoginTest.dummy_failure_scenario(LoginTest.java:34)
at java.base/java.util.ArrayList.forEach(ArrayList.java:1511)
... Removed 36 stack frames]]>
    </failure>
  </testcase> <!-- dummy_failure_scenario -->
  <testcase classname="tests.LoginTest" name="loginPortal_reset_input_test" time="4.463"/>
</testsuite> <!-- Surefire test -->
