<?xml version="1.0" encoding="UTF-8"?>
<testng-results ignored="0" total="6" passed="4" failed="2" skipped="0">
  <reporter-output>
  </reporter-output>
  <suite started-at="2024-06-18T08:24:09 IST" name="SanityCheck" finished-at="2024-06-18T08:25:35 IST" duration-ms="85589">
    <groups>
    </groups>
    <test started-at="2024-06-18T08:24:09 IST" name="Guru99 Bank Portal Test" finished-at="2024-06-18T08:25:35 IST" duration-ms="85589">
      <class name="tests.LoginTest">
        <test-method is-config="true" signature="beforeSuite()[pri:0, instance:tests.LoginTest@3eb25e1a]" started-at="2024-06-18T08:24:09 IST" name="beforeSuite" finished-at="2024-06-18T08:24:09 IST" duration-ms="24" status="PASS">
          <reporter-output>
          </reporter-output>
        </test-method> <!-- beforeSuite -->
        <test-method is-config="true" signature="beforeTest()[pri:0, instance:tests.LoginTest@3eb25e1a]" started-at="2024-06-18T08:24:10 IST" name="beforeTest" finished-at="2024-06-18T08:24:10 IST" duration-ms="1" status="PASS">
          <reporter-output>
          </reporter-output>
        </test-method> <!-- beforeTest -->
        <test-method is-config="true" signature="beforeMethod()[pri:0, instance:tests.LoginTest@3eb25e1a]" started-at="2024-06-18T08:24:10 IST" name="beforeMethod" finished-at="2024-06-18T08:24:13 IST" duration-ms="2924" status="PASS">
          <reporter-output>
          </reporter-output>
        </test-method> <!-- beforeMethod -->
        <test-method signature="assert_example()[pri:0, instance:tests.LoginTest@3eb25e1a]" started-at="2024-06-18T08:24:13 IST" name="assert_example" finished-at="2024-06-18T08:24:37 IST" duration-ms="24439" status="FAIL">
          <exception class="java.lang.NullPointerException">
            <message>
              <![CDATA[Cannot invoke "org.testng.asserts.SoftAssert.assertEquals(String, String)" because "this.softAssert" is null]]>
            </message>
            <full-stacktrace>
              <![CDATA[java.lang.NullPointerException: Cannot invoke "org.testng.asserts.SoftAssert.assertEquals(String, String)" because "this.softAssert" is null
at tests.LoginTest.assert_example(LoginTest.java:48)
at java.base/jdk.internal.reflect.NativeMethodAccessorImpl.invoke0(Native Method)
at java.base/jdk.internal.reflect.NativeMethodAccessorImpl.invoke(NativeMethodAccessorImpl.java:77)
at java.base/jdk.internal.reflect.DelegatingMethodAccessorImpl.invoke(DelegatingMethodAccessorImpl.java:43)
at java.base/java.lang.reflect.Method.invoke(Method.java:568)
at org.testng.internal.invokers.MethodInvocationHelper.invokeMethod(MethodInvocationHelper.java:141)
at org.testng.internal.invokers.TestInvoker.invokeMethod(TestInvoker.java:686)
at org.testng.internal.invokers.TestInvoker.invokeTestMethod(TestInvoker.java:230)
at org.testng.internal.invokers.MethodRunner.runInSequence(MethodRunner.java:63)
at org.testng.internal.invokers.TestInvoker$MethodInvocationAgent.invoke(TestInvoker.java:992)
at org.testng.internal.invokers.TestInvoker.invokeTestMethods(TestInvoker.java:203)
at org.testng.internal.invokers.TestMethodWorker.invokeTestMethods(TestMethodWorker.java:154)
at org.testng.internal.invokers.TestMethodWorker.run(TestMethodWorker.java:134)
at java.base/java.util.ArrayList.forEach(ArrayList.java:1511)
at org.testng.TestRunner.privateRun(TestRunner.java:739)
at org.testng.TestRunner.run(TestRunner.java:614)
at org.testng.SuiteRunner.runTest(SuiteRunner.java:421)
at org.testng.SuiteRunner.runSequentially(SuiteRunner.java:413)
at org.testng.SuiteRunner.privateRun(SuiteRunner.java:373)
at org.testng.SuiteRunner.run(SuiteRunner.java:312)
at org.testng.SuiteRunnerWorker.runSuite(SuiteRunnerWorker.java:52)
at org.testng.SuiteRunnerWorker.run(SuiteRunnerWorker.java:95)
at org.testng.TestNG.runSuitesSequentially(TestNG.java:1274)
at org.testng.TestNG.runSuitesLocally(TestNG.java:1208)
at org.testng.TestNG.runSuites(TestNG.java:1112)
at org.testng.TestNG.run(TestNG.java:1079)
at org.testng.remote.AbstractRemoteTestNG.run(AbstractRemoteTestNG.java:115)
at org.testng.remote.RemoteTestNG.initAndRun(RemoteTestNG.java:293)
at org.testng.remote.RemoteTestNG.main(RemoteTestNG.java:91)
]]>
            </full-stacktrace>
          </exception> <!-- java.lang.NullPointerException -->
          <reporter-output>
          </reporter-output>
        </test-method> <!-- assert_example -->
        <test-method is-config="true" signature="afterMethod()[pri:0, instance:tests.LoginTest@3eb25e1a]" started-at="2024-06-18T08:24:38 IST" name="afterMethod" finished-at="2024-06-18T08:24:38 IST" duration-ms="386" status="PASS">
          <reporter-output>
          </reporter-output>
        </test-method> <!-- afterMethod -->
        <test-method is-config="true" signature="beforeMethod()[pri:0, instance:tests.LoginTest@3eb25e1a]" started-at="2024-06-18T08:24:38 IST" name="beforeMethod" finished-at="2024-06-18T08:24:40 IST" duration-ms="2041" status="PASS">
          <reporter-output>
          </reporter-output>
        </test-method> <!-- beforeMethod -->
        <test-method signature="dummy_failure_scenario()[pri:0, instance:tests.LoginTest@3eb25e1a]" started-at="2024-06-18T08:24:40 IST" name="dummy_failure_scenario" finished-at="2024-06-18T08:24:42 IST" duration-ms="2046" status="FAIL">
          <exception class="java.lang.AssertionError">
            <message>
              <![CDATA[The following asserts failed:
expected [true] but found [false]]]>
            </message>
            <full-stacktrace>
              <![CDATA[java.lang.AssertionError: The following asserts failed:
expected [true] but found [false]
at org.testng.asserts.SoftAssert.assertAll(SoftAssert.java:46)
at org.testng.asserts.SoftAssert.assertAll(SoftAssert.java:30)
at tests.LoginTest.dummy_failure_scenario(LoginTest.java:39)
at java.base/jdk.internal.reflect.NativeMethodAccessorImpl.invoke0(Native Method)
at java.base/jdk.internal.reflect.NativeMethodAccessorImpl.invoke(NativeMethodAccessorImpl.java:77)
at java.base/jdk.internal.reflect.DelegatingMethodAccessorImpl.invoke(DelegatingMethodAccessorImpl.java:43)
at java.base/java.lang.reflect.Method.invoke(Method.java:568)
at org.testng.internal.invokers.MethodInvocationHelper.invokeMethod(MethodInvocationHelper.java:141)
at org.testng.internal.invokers.TestInvoker.invokeMethod(TestInvoker.java:686)
at org.testng.internal.invokers.TestInvoker.invokeTestMethod(TestInvoker.java:230)
at org.testng.internal.invokers.MethodRunner.runInSequence(MethodRunner.java:63)
at org.testng.internal.invokers.TestInvoker$MethodInvocationAgent.invoke(TestInvoker.java:992)
at org.testng.internal.invokers.TestInvoker.invokeTestMethods(TestInvoker.java:203)
at org.testng.internal.invokers.TestMethodWorker.invokeTestMethods(TestMethodWorker.java:154)
at org.testng.internal.invokers.TestMethodWorker.run(TestMethodWorker.java:134)
at java.base/java.util.ArrayList.forEach(ArrayList.java:1511)
at org.testng.TestRunner.privateRun(TestRunner.java:739)
at org.testng.TestRunner.run(TestRunner.java:614)
at org.testng.SuiteRunner.runTest(SuiteRunner.java:421)
at org.testng.SuiteRunner.runSequentially(SuiteRunner.java:413)
at org.testng.SuiteRunner.privateRun(SuiteRunner.java:373)
at org.testng.SuiteRunner.run(SuiteRunner.java:312)
at org.testng.SuiteRunnerWorker.runSuite(SuiteRunnerWorker.java:52)
at org.testng.SuiteRunnerWorker.run(SuiteRunnerWorker.java:95)
at org.testng.TestNG.runSuitesSequentially(TestNG.java:1274)
at org.testng.TestNG.runSuitesLocally(TestNG.java:1208)
at org.testng.TestNG.runSuites(TestNG.java:1112)
at org.testng.TestNG.run(TestNG.java:1079)
at org.testng.remote.AbstractRemoteTestNG.run(AbstractRemoteTestNG.java:115)
at org.testng.remote.RemoteTestNG.initAndRun(RemoteTestNG.java:293)
at org.testng.remote.RemoteTestNG.main(RemoteTestNG.java:91)
]]>
            </full-stacktrace>
          </exception> <!-- java.lang.AssertionError -->
          <reporter-output>
          </reporter-output>
        </test-method> <!-- dummy_failure_scenario -->
        <test-method is-config="true" signature="afterMethod()[pri:0, instance:tests.LoginTest@3eb25e1a]" started-at="2024-06-18T08:24:42 IST" name="afterMethod" finished-at="2024-06-18T08:24:43 IST" duration-ms="350" status="PASS">
          <reporter-output>
          </reporter-output>
        </test-method> <!-- afterMethod -->
        <test-method is-config="true" signature="beforeMethod()[pri:0, instance:tests.LoginTest@3eb25e1a]" started-at="2024-06-18T08:24:44 IST" name="beforeMethod" finished-at="2024-06-18T08:24:46 IST" duration-ms="1891" status="PASS">
          <reporter-output>
          </reporter-output>
        </test-method> <!-- beforeMethod -->
        <test-method signature="loginIntoPortal_test(java.lang.String,java.lang.String)[pri:0, instance:tests.LoginTest@3eb25e1a]" started-at="2024-06-18T08:24:46 IST" name="loginIntoPortal_test" data-provider="login_provider" finished-at="2024-06-18T08:24:51 IST" duration-ms="4915" status="PASS">
          <params>
            <param index="0">
              <value>
                <![CDATA[mngr542003]]>
              </value>
            </param>
            <param index="1">
              <value>
                <![CDATA[sldjsalkd]]>
              </value>
            </param>
          </params>
          <reporter-output>
          </reporter-output>
        </test-method> <!-- loginIntoPortal_test -->
        <test-method is-config="true" signature="afterMethod()[pri:0, instance:tests.LoginTest@3eb25e1a]" started-at="2024-06-18T08:24:51 IST" name="afterMethod" finished-at="2024-06-18T08:24:51 IST" duration-ms="380" status="PASS">
          <reporter-output>
          </reporter-output>
        </test-method> <!-- afterMethod -->
        <test-method is-config="true" signature="beforeMethod()[pri:0, instance:tests.LoginTest@3eb25e1a]" started-at="2024-06-18T08:24:51 IST" name="beforeMethod" finished-at="2024-06-18T08:24:54 IST" duration-ms="2221" status="PASS">
          <reporter-output>
          </reporter-output>
        </test-method> <!-- beforeMethod -->
        <test-method signature="loginIntoPortal_test(java.lang.String,java.lang.String)[pri:0, instance:tests.LoginTest@3eb25e1a]" started-at="2024-06-18T08:24:54 IST" name="loginIntoPortal_test" data-provider="login_provider" finished-at="2024-06-18T08:25:19 IST" duration-ms="25464" status="PASS">
          <params>
            <param index="0">
              <value>
                <![CDATA[jdsaldsal]]>
              </value>
            </param>
            <param index="1">
              <value>
                <![CDATA[nyseqAn]]>
              </value>
            </param>
          </params>
          <reporter-output>
          </reporter-output>
        </test-method> <!-- loginIntoPortal_test -->
        <test-method is-config="true" signature="afterMethod()[pri:0, instance:tests.LoginTest@3eb25e1a]" started-at="2024-06-18T08:25:19 IST" name="afterMethod" finished-at="2024-06-18T08:25:19 IST" duration-ms="375" status="PASS">
          <reporter-output>
          </reporter-output>
        </test-method> <!-- afterMethod -->
        <test-method is-config="true" signature="beforeMethod()[pri:0, instance:tests.LoginTest@3eb25e1a]" started-at="2024-06-18T08:25:19 IST" name="beforeMethod" finished-at="2024-06-18T08:25:22 IST" duration-ms="2317" status="PASS">
          <reporter-output>
          </reporter-output>
        </test-method> <!-- beforeMethod -->
        <test-method signature="loginIntoPortal_test(java.lang.String,java.lang.String)[pri:0, instance:tests.LoginTest@3eb25e1a]" started-at="2024-06-18T08:25:22 IST" name="loginIntoPortal_test" data-provider="login_provider" finished-at="2024-06-18T08:25:27 IST" duration-ms="5205" status="PASS">
          <params>
            <param index="0">
              <value>
                <![CDATA[mngr542003]]>
              </value>
            </param>
            <param index="1">
              <value>
                <![CDATA[nyseqAn]]>
              </value>
            </param>
          </params>
          <reporter-output>
          </reporter-output>
        </test-method> <!-- loginIntoPortal_test -->
        <test-method is-config="true" signature="afterMethod()[pri:0, instance:tests.LoginTest@3eb25e1a]" started-at="2024-06-18T08:25:27 IST" name="afterMethod" finished-at="2024-06-18T08:25:27 IST" duration-ms="371" status="PASS">
          <reporter-output>
          </reporter-output>
        </test-method> <!-- afterMethod -->
        <test-method is-config="true" signature="beforeMethod()[pri:0, instance:tests.LoginTest@3eb25e1a]" started-at="2024-06-18T08:25:27 IST" name="beforeMethod" finished-at="2024-06-18T08:25:29 IST" duration-ms="2008" status="PASS">
          <reporter-output>
          </reporter-output>
        </test-method> <!-- beforeMethod -->
        <test-method signature="loginPortal_reset_input_test()[pri:0, instance:tests.LoginTest@3eb25e1a]" started-at="2024-06-18T08:25:29 IST" name="loginPortal_reset_input_test" finished-at="2024-06-18T08:25:34 IST" duration-ms="5018" status="PASS">
          <reporter-output>
          </reporter-output>
        </test-method> <!-- loginPortal_reset_input_test -->
        <test-method is-config="true" signature="afterMethod()[pri:0, instance:tests.LoginTest@3eb25e1a]" started-at="2024-06-18T08:25:34 IST" name="afterMethod" finished-at="2024-06-18T08:25:35 IST" duration-ms="696" status="PASS">
          <reporter-output>
          </reporter-output>
        </test-method> <!-- afterMethod -->
        <test-method is-config="true" signature="afterTest()[pri:0, instance:tests.LoginTest@3eb25e1a]" started-at="2024-06-18T08:25:35 IST" name="afterTest" finished-at="2024-06-18T08:25:35 IST" duration-ms="0" status="PASS">
          <reporter-output>
          </reporter-output>
        </test-method> <!-- afterTest -->
        <test-method is-config="true" signature="afterSuite()[pri:0, instance:tests.LoginTest@3eb25e1a]" started-at="2024-06-18T08:25:36 IST" name="afterSuite" finished-at="2024-06-18T08:25:36 IST" duration-ms="1" status="PASS">
          <reporter-output>
          </reporter-output>
        </test-method> <!-- afterSuite -->
      </class> <!-- tests.LoginTest -->
    </test> <!-- Guru99 Bank Portal Test -->
  </suite> <!-- SanityCheck -->
</testng-results>
